Run Information
========================
cognizant.intelligent.test.scripter.engine : 1.1
java.runtime.name    : Java(TM) SE Runtime Environment
java.version         : 9.0.4
java.home            : C:\Program Files\Java\jre-9.0.4
os.name              : Windows 7
os.arch              : amd64
os.version           : 6.1
file.encoding        : UTF-8
========================
Run Started on Sat Sep 29 12:32:09 IST 2018
Loading Browser Profile
Loading RunManager
[Scenario:Scenario1] [TestCase: TC1] [Description: Test Run] [Browser: IE] [BrowserVersion: default] [Platform: ANY][ExistingBrowser: false]
Initializing Report
ApiLink not available!!
Shutting Down Thread as there is no need for SelectiveThreading
Running Iteration 1
Launching IE
Launching Local Driver
2018-09-29 12:32:31:09S +0530 [SEVERE] com.cognizant.cognizantits.engine.core.Task onError:Timed out waiting for driver server to start.
Build info: version: '3.5.3', revision: 'a88d25fe6b', time: '2017-08-29T12:42:44.417Z'
System info: host: '5CG5210SK6', ip: '192.168.10.2', os.name: 'Windows 7', os.arch: 'amd64', os.version: '6.1', java.version: '9.0.4'
Driver info: driver.version: SeleniumDriver
org.openqa.selenium.WebDriverException: Timed out waiting for driver server to start.
Build info: version: '3.5.3', revision: 'a88d25fe6b', time: '2017-08-29T12:42:44.417Z'
System info: host: '5CG5210SK6', ip: '192.168.10.2', os.name: 'Windows 7', os.arch: 'amd64', os.version: '6.1', java.version: '9.0.4'
Driver info: driver.version: SeleniumDriver
	at org.openqa.selenium.remote.service.DriverService.waitUntilAvailable(DriverService.java:192)
	at org.openqa.selenium.remote.service.DriverService.start(DriverService.java:178)
	at org.openqa.selenium.remote.service.DriverCommandExecutor.execute(DriverCommandExecutor.java:78)
	at org.openqa.selenium.remote.RemoteWebDriver.execute(RemoteWebDriver.java:646)
	at org.openqa.selenium.remote.RemoteWebDriver.startSession(RemoteWebDriver.java:255)
	at org.openqa.selenium.remote.RemoteWebDriver.startSession(RemoteWebDriver.java:237)
	at org.openqa.selenium.ie.InternetExplorerDriver.run(InternetExplorerDriver.java:205)
	at org.openqa.selenium.ie.InternetExplorerDriver.<init>(InternetExplorerDriver.java:197)
	at org.openqa.selenium.ie.InternetExplorerDriver.<init>(InternetExplorerDriver.java:156)
	at com.cognizant.cognizantits.engine.drivers.WebDriverFactory.create(WebDriverFactory.java:202)
	at com.cognizant.cognizantits.engine.drivers.WebDriverFactory.create(WebDriverFactory.java:167)
	at com.cognizant.cognizantits.engine.drivers.WebDriverFactory.create(WebDriverFactory.java:157)
	at com.cognizant.cognizantits.engine.drivers.SeleniumDriver.launchDriver(SeleniumDriver.java:66)
	at com.cognizant.cognizantits.engine.core.Task.launchBrowser(Task.java:151)
	at com.cognizant.cognizantits.engine.core.Task.runIteration(Task.java:121)
	at com.cognizant.cognizantits.engine.core.Task.run(Task.java:81)
	at java.base/java.util.concurrent.ThreadPoolExecutor.runWorker(Unknown Source)
	at java.base/java.util.concurrent.ThreadPoolExecutor$Worker.run(Unknown Source)
	at java.base/java.lang.Thread.run(Unknown Source)
Caused by: org.openqa.selenium.net.UrlChecker$TimeoutException: Timed out waiting for [http://localhost:41728/status] to be available after 20002 ms
	at org.openqa.selenium.net.UrlChecker.waitUntilAvailable(UrlChecker.java:102)
	at org.openqa.selenium.remote.service.DriverService.waitUntilAvailable(DriverService.java:187)
	... 18 more
Caused by: java.util.concurrent.TimeoutException
	at java.base/java.util.concurrent.FutureTask.get(Unknown Source)
	at com.google.common.util.concurrent.SimpleTimeLimiter.callWithTimeout(SimpleTimeLimiter.java:147)
	at org.openqa.selenium.net.UrlChecker.waitUntilAvailable(UrlChecker.java:77)
	... 19 more

[DEBUG]   | Timed out waiting for driver server to start.
Build info: version: '3.5.3', revision: 'a88d25fe6b', time: '2017-08-29T12:42:44.417Z'
System info: host: '5CG5210SK6', ip: '192.168.10.2', os.name: 'Windows 7', os.arch: 'amd64', os.version: '6.1', java.version: '9.0.4'
Driver info: driver.version: SeleniumDriver

===================================================================================================

2018-09-29 12:32:31:09S +0530 [SEVERE] com.cognizant.cognizantits.engine.reporting.impl.html.HtmlTestCaseHandler updateTestLog:null
java.lang.NullPointerException
	at com.cognizant.cognizantits.engine.reporting.impl.html.HtmlTestCaseHandler.updateTestLog(HtmlTestCaseHandler.java:103)
	at com.cognizant.cognizantits.engine.reporting.TestCaseReport.updateTestLog(TestCaseReport.java:134)
	at com.cognizant.cognizantits.engine.reporting.TestCaseReport.updateTestLog(TestCaseReport.java:105)
	at com.cognizant.cognizantits.engine.core.Task.onError(Task.java:188)
	at com.cognizant.cognizantits.engine.core.Task.onError(Task.java:176)
	at com.cognizant.cognizantits.engine.core.Task.runIteration(Task.java:133)
	at com.cognizant.cognizantits.engine.core.Task.run(Task.java:81)
	at java.base/java.util.concurrent.ThreadPoolExecutor.runWorker(Unknown Source)
	at java.base/java.util.concurrent.ThreadPoolExecutor$Worker.run(Unknown Source)
	at java.base/java.lang.Thread.run(Unknown Source)


---------------------------------------------------
Testcase Name        : Scenario1:TC1
Executed Steps       : 1
Passed Steps         : 0
Failed Steps         : 0
Time Taken           : 00:00:21
-----------------------------------------------------

Run Finished on Sat Sep 29 12:32:31 IST 2018
-----------------------------------------------------
ExecutionDate        : 29-Sep-2018 12-32-09
Executed TestCases   : 1
Passed TestCases     : 0
Failed TestCases     : 1
Time Taken           : 00:00:21
ReportPath           : file:///C:\xpoc\cognizant-intelligent-test-scripter-1.1-setup\Projects\Test\Results\TestDesign\Scenario1\TC1\29-Sep-2018 12-32-09\summary.html
-----------------------------------------------------
